<?xml version="1.0" encoding="UTF-8"?>
<!-- Generated by org.testng.reporters.JUnitReportReporter -->
<testsuite skipped="0" hostname="Ananya-Aspire-V3-572PG" name="com.qa.tests.LoginTests" tests="1" failures="0" timestamp="2020-05-11T20:58:16 AEST" time="12.083" errors="0">
  <testcase name="successfulUserloginTest" time="12.083" classname="com.qa.tests.LoginTests"/>
  <system-out/>
</testsuite> <!-- com.qa.tests.LoginTests -->
