<?xml version="1.0" encoding="UTF-8"?>
<!-- Generated by org.testng.reporters.JUnitReportReporter -->
<testsuite skipped="0" hostname="Ananya-Aspire-V3-572PG" name="com.demo.BaseTest" tests="1" failures="0" timestamp="2020-03-27T18:10:26 AEDT" time="0.012" errors="0">
  <testcase name="f" time="0.012" classname="com.demo.BaseTest"/>
  <system-out/>
</testsuite> <!-- com.demo.BaseTest -->
